<?xml version="1.0" encoding="UTF-8"?>
<!-- Generated by org.testng.reporters.JUnitXMLReporter -->
<testsuite ignored="0" hostname="LAPTOP-2D27B82A" failures="0" tests="4" name="Alerts Tests" time="19.148" errors="0" timestamp="2026-04-19T13:01:43 IST">
  <testcase classname="tests.AlertsTest" name="verifyJSAlert" time="0.261"/>
  <testcase classname="tests.AlertsTest" name="verifyJSConfirmDismiss" time="0.273"/>
  <testcase classname="tests.AlertsTest" name="verifyJSPrompt" time="0.311"/>
  <testcase classname="tests.AlertsTest" name="verifyResultClears" time="0.414"/>
</testsuite> <!-- Alerts Tests -->
