<?xml version="1.0" encoding="UTF-8"?>
<!-- Generated by org.testng.reporters.JUnitXMLReporter -->
<testsuite ignored="0" hostname="LAPTOP-2D27B82A" failures="1" tests="4" name="Authentication Tests" time="22.931" errors="0" timestamp="2026-04-19T12:55:08 IST">
  <testcase classname="tests.LoginTest" name="verifyValidLogin" time="1.178"/>
  <testcase classname="tests.LoginTest" name="verifyInvalidLogin" time="0.987">
    <failure type="java.lang.AssertionError" message="Invalid login → screenshot captured">
      <![CDATA[java.lang.AssertionError: Invalid login → screenshot captured
at tests.LoginTest.verifyInvalidLogin(LoginTest.java:51)
at java.base/java.util.ArrayList.forEach(ArrayList.java:1511)
... Removed 28 stack frames]]>
    </failure>
  </testcase> <!-- verifyInvalidLogin -->
  <testcase classname="tests.LoginTest" name="verifySuccessMessage" time="1.052"/>
  <testcase classname="tests.LoginTest" name="verifyLogout" time="1.756"/>
</testsuite> <!-- Authentication Tests -->
