<?xml version="1.0" encoding="UTF-8"?>
<testng-results ignored="0" total="2" passed="2" failed="0" skipped="0">
  <reporter-output>
  </reporter-output>
  <suite started-at="2026-04-19T15:38:19 IST" name="Default suite" finished-at="2026-04-19T15:38:50 IST" duration-ms="30744">
    <groups>
    </groups>
    <test started-at="2026-04-19T15:38:19 IST" name="Default test" finished-at="2026-04-19T15:38:50 IST" duration-ms="30744">
      <class name="tests.DropdownTest">
        <test-method is-config="true" signature="setup()[pri:0, instance:tests.DropdownTest@702657cc]" started-at="2026-04-19T15:38:19 IST" name="setup" finished-at="2026-04-19T15:38:35 IST" duration-ms="16623" status="PASS">
          <reporter-output>
          </reporter-output>
        </test-method> <!-- setup -->
        <test-method is-config="true" signature="navigate()[pri:0, instance:tests.DropdownTest@702657cc]" started-at="2026-04-19T15:38:35 IST" name="navigate" finished-at="2026-04-19T15:38:36 IST" duration-ms="358" status="PASS">
          <reporter-output>
          </reporter-output>
        </test-method> <!-- navigate -->
        <test-method signature="verifyDropdownSelection()[pri:1, instance:tests.DropdownTest@702657cc]" started-at="2026-04-19T15:38:36 IST" name="verifyDropdownSelection" finished-at="2026-04-19T15:38:36 IST" duration-ms="595" status="PASS">
          <reporter-output>
          </reporter-output>
        </test-method> <!-- verifyDropdownSelection -->
        <test-method is-config="true" signature="tearDown()[pri:0, instance:tests.DropdownTest@702657cc]" started-at="2026-04-19T15:38:36 IST" name="tearDown" finished-at="2026-04-19T15:38:37 IST" duration-ms="297" status="PASS">
          <reporter-output>
          </reporter-output>
        </test-method> <!-- tearDown -->
        <test-method is-config="true" signature="setup()[pri:0, instance:tests.DropdownTest@702657cc]" started-at="2026-04-19T15:38:37 IST" name="setup" finished-at="2026-04-19T15:38:49 IST" duration-ms="12149" status="PASS">
          <reporter-output>
          </reporter-output>
        </test-method> <!-- setup -->
        <test-method is-config="true" signature="navigate()[pri:0, instance:tests.DropdownTest@702657cc]" started-at="2026-04-19T15:38:49 IST" name="navigate" finished-at="2026-04-19T15:38:49 IST" duration-ms="294" status="PASS">
          <reporter-output>
          </reporter-output>
        </test-method> <!-- navigate -->
        <test-method signature="verifyDropdownOptionsCount()[pri:2, instance:tests.DropdownTest@702657cc]" started-at="2026-04-19T15:38:49 IST" name="verifyDropdownOptionsCount" finished-at="2026-04-19T15:38:49 IST" duration-ms="118" status="PASS">
          <reporter-output>
          </reporter-output>
        </test-method> <!-- verifyDropdownOptionsCount -->
        <test-method is-config="true" signature="tearDown()[pri:0, instance:tests.DropdownTest@702657cc]" started-at="2026-04-19T15:38:49 IST" name="tearDown" finished-at="2026-04-19T15:38:50 IST" duration-ms="244" status="PASS">
          <reporter-output>
          </reporter-output>
        </test-method> <!-- tearDown -->
      </class> <!-- tests.DropdownTest -->
    </test> <!-- Default test -->
  </suite> <!-- Default suite -->
</testng-results>
