<?xml version="1.0" encoding="UTF-8"?>
<testng-results ignored="0" total="3" passed="3" failed="0" skipped="0">
  <reporter-output>
  </reporter-output>
  <suite started-at="2026-04-19T16:16:03 IST" name="Default suite" finished-at="2026-04-19T16:16:48 IST" duration-ms="44847">
    <groups>
    </groups>
    <test started-at="2026-04-19T16:16:03 IST" name="Default test" finished-at="2026-04-19T16:16:48 IST" duration-ms="44847">
      <class name="tests.DynamicTest">
        <test-method is-config="true" signature="setup()[pri:0, instance:tests.DynamicTest@702657cc]" started-at="2026-04-19T16:16:03 IST" name="setup" finished-at="2026-04-19T16:16:14 IST" duration-ms="10926" status="PASS">
          <reporter-output>
          </reporter-output>
        </test-method> <!-- setup -->
        <test-method signature="verifyDynamicLoading()[pri:1, instance:tests.DynamicTest@702657cc]" started-at="2026-04-19T16:16:14 IST" name="verifyDynamicLoading" finished-at="2026-04-19T16:16:20 IST" duration-ms="5651" status="PASS">
          <reporter-output>
          </reporter-output>
        </test-method> <!-- verifyDynamicLoading -->
        <test-method is-config="true" signature="tearDown()[pri:0, instance:tests.DynamicTest@702657cc]" started-at="2026-04-19T16:16:20 IST" name="tearDown" finished-at="2026-04-19T16:16:20 IST" duration-ms="292" status="PASS">
          <reporter-output>
          </reporter-output>
        </test-method> <!-- tearDown -->
        <test-method is-config="true" signature="setup()[pri:0, instance:tests.DynamicTest@702657cc]" started-at="2026-04-19T16:16:20 IST" name="setup" finished-at="2026-04-19T16:16:28 IST" duration-ms="8255" status="PASS">
          <reporter-output>
          </reporter-output>
        </test-method> <!-- setup -->
        <test-method signature="verifyLoadedText()[pri:2, instance:tests.DynamicTest@702657cc]" started-at="2026-04-19T16:16:28 IST" name="verifyLoadedText" finished-at="2026-04-19T16:16:34 IST" duration-ms="5959" status="PASS">
          <reporter-output>
          </reporter-output>
        </test-method> <!-- verifyLoadedText -->
        <test-method is-config="true" signature="tearDown()[pri:0, instance:tests.DynamicTest@702657cc]" started-at="2026-04-19T16:16:34 IST" name="tearDown" finished-at="2026-04-19T16:16:35 IST" duration-ms="521" status="PASS">
          <reporter-output>
          </reporter-output>
        </test-method> <!-- tearDown -->
        <test-method is-config="true" signature="setup()[pri:0, instance:tests.DynamicTest@702657cc]" started-at="2026-04-19T16:16:35 IST" name="setup" finished-at="2026-04-19T16:16:47 IST" duration-ms="12132" status="PASS">
          <reporter-output>
          </reporter-output>
        </test-method> <!-- setup -->
        <test-method signature="verifyDisappearingElement()[pri:3, instance:tests.DynamicTest@702657cc]" started-at="2026-04-19T16:16:47 IST" name="verifyDisappearingElement" finished-at="2026-04-19T16:16:48 IST" duration-ms="792" status="PASS">
          <reporter-output>
          </reporter-output>
        </test-method> <!-- verifyDisappearingElement -->
        <test-method is-config="true" signature="tearDown()[pri:0, instance:tests.DynamicTest@702657cc]" started-at="2026-04-19T16:16:48 IST" name="tearDown" finished-at="2026-04-19T16:16:48 IST" duration-ms="229" status="PASS">
          <reporter-output>
          </reporter-output>
        </test-method> <!-- tearDown -->
      </class> <!-- tests.DynamicTest -->
    </test> <!-- Default test -->
  </suite> <!-- Default suite -->
</testng-results>
