<?xml version="1.0" encoding="UTF-8"?>
<!-- Generated by org.testng.reporters.JUnitXMLReporter -->
<testsuite ignored="0" hostname="LAPTOP-2D27B82A" failures="0" tests="4" name="Default test" time="23.239" errors="0" timestamp="2026-04-19T12:51:55 IST">
  <testcase classname="tests.LoginTest" name="testValidLogin" time="1.283"/>
  <testcase classname="tests.LoginTest" name="testInvalidLogin" time="1.218"/>
  <testcase classname="tests.LoginTest" name="testSuccessMessage" time="1.095"/>
  <testcase classname="tests.LoginTest" name="testLogout" time="1.718"/>
</testsuite> <!-- Default test -->
