<?xml version="1.0" encoding="UTF-8"?>
<!-- Generated by org.testng.reporters.JUnitXMLReporter -->
<testsuite ignored="0" hostname="LAPTOP-2D27B82A" failures="0" tests="3" name="Default test" time="40.402" errors="0" timestamp="2026-04-19T15:50:37 IST">
  <testcase classname="tests.UploadTest" name="verifyUploadPageUI" time="0.159"/>
  <testcase classname="tests.UploadTest" name="verifyFileUpload" time="0.798"/>
  <testcase classname="tests.UploadTest" name="verifyInvalidFileUpload" time="0.667"/>
</testsuite> <!-- Default test -->
