<?xml version="1.0" encoding="UTF-8"?>
<!-- Generated by org.testng.reporters.JUnitReportReporter -->
<testsuite hostname="LAPTOP-2D27B82A" failures="0" tests="3" name="tests.UploadTest" time="40.309" errors="0" timestamp="2026-04-19T15:50:38 IST" skipped="0">
  <testcase classname="tests.UploadTest" name="verifyUploadPageUI" time="14.410"/>
  <testcase classname="tests.UploadTest" name="verifyFileUpload" time="11.587"/>
  <testcase classname="tests.UploadTest" name="verifyInvalidFileUpload" time="14.312"/>
</testsuite> <!-- tests.UploadTest -->
