<?xml version="1.0" encoding="UTF-8"?>
<!-- Generated by org.testng.reporters.JUnitReportReporter -->
<testsuite hostname="LAPTOP-2D27B82A" failures="0" tests="3" name="tests.DynamicTest" time="44.757" errors="0" timestamp="2026-04-19T16:16:48 IST" skipped="0">
  <testcase classname="tests.DynamicTest" name="verifyDynamicLoading" time="18.304"/>
  <testcase classname="tests.DynamicTest" name="verifyLoadedText" time="14.506"/>
  <testcase classname="tests.DynamicTest" name="verifyDisappearingElement" time="11.947"/>
</testsuite> <!-- tests.DynamicTest -->
