<?xml version="1.0" encoding="UTF-8"?>
<!-- Generated by org.testng.reporters.JUnitReportReporter -->
<testsuite hostname="LAPTOP-2D27B82A" failures="0" tests="4" name="tests.AlertsTest" time="19.131" errors="0" timestamp="2026-04-19T13:01:43 IST" skipped="0">
  <testcase classname="tests.AlertsTest" name="verifyJSAlert" time="4.667"/>
  <testcase classname="tests.AlertsTest" name="verifyJSConfirmDismiss" time="4.824"/>
  <testcase classname="tests.AlertsTest" name="verifyJSPrompt" time="4.820"/>
  <testcase classname="tests.AlertsTest" name="verifyResultClears" time="4.820"/>
</testsuite> <!-- tests.AlertsTest -->
